e:\save data\learn 3\sphinx\pocketsphinx-wp-demo\pocketsphinxrntcomp\release\pocketsphinxrntcomp.pch
e:\save data\learn 3\sphinx\pocketsphinx-wp-demo\pocketsphinxrntcomp\release\pch.obj
e:\save data\learn 3\sphinx\pocketsphinx-wp-demo\pocketsphinxrntcomp\release\vc110.pdb
e:\save data\learn 3\sphinx\pocketsphinx-wp-demo\pocketsphinxrntcomp\release\blkarray_list.obj
e:\save data\learn 3\sphinx\pocketsphinx-wp-demo\pocketsphinxrntcomp\release\dict.obj
e:\save data\learn 3\sphinx\pocketsphinx-wp-demo\pocketsphinxrntcomp\release\fsg_history.obj
e:\save data\learn 3\sphinx\pocketsphinx-wp-demo\pocketsphinxrntcomp\release\kws_detections.obj
e:\save data\learn 3\sphinx\pocketsphinx-wp-demo\pocketsphinxrntcomp\release\ms_mgau.obj
e:\save data\learn 3\sphinx\pocketsphinx-wp-demo\pocketsphinxrntcomp\release\phone_loop_search.obj
e:\save data\learn 3\sphinx\pocketsphinx-wp-demo\pocketsphinxrntcomp\release\ps_lattice.obj
e:\save data\learn 3\sphinx\pocketsphinx-wp-demo\pocketsphinxrntcomp\release\state_align_search.obj
e:\save data\learn 3\sphinx\pocketsphinx-wp-demo\pocketsphinxrntcomp\release\vector.obj
e:\save data\learn 3\sphinx\pocketsphinx-wp-demo\pocketsphinxrntcomp\release\lda.obj
e:\save data\learn 3\sphinx\pocketsphinx-wp-demo\pocketsphinxrntcomp\release\fe_prespch_buf.obj
e:\save data\learn 3\sphinx\pocketsphinx-wp-demo\pocketsphinxrntcomp\release\fe_warp_inverse_linear.obj
e:\save data\learn 3\sphinx\pocketsphinx-wp-demo\pocketsphinxrntcomp\release\fsg_model.obj
e:\save data\learn 3\sphinx\pocketsphinx-wp-demo\pocketsphinxrntcomp\release\lm3g_model.obj
e:\save data\learn 3\sphinx\pocketsphinx-wp-demo\pocketsphinxrntcomp\release\ngram_model_dmp32.obj
e:\save data\learn 3\sphinx\pocketsphinx-wp-demo\pocketsphinxrntcomp\release\bio.obj
e:\save data\learn 3\sphinx\pocketsphinx-wp-demo\pocketsphinxrntcomp\release\dtoa.obj
e:\save data\learn 3\sphinx\pocketsphinx-wp-demo\pocketsphinxrntcomp\release\genrand.obj
e:\save data\learn 3\sphinx\pocketsphinx-wp-demo\pocketsphinxrntcomp\release\hash_table.obj
e:\save data\learn 3\sphinx\pocketsphinx-wp-demo\pocketsphinxrntcomp\release\matrix.obj
e:\save data\learn 3\sphinx\pocketsphinx-wp-demo\pocketsphinxrntcomp\release\slamch.obj
e:\save data\learn 3\sphinx\pocketsphinx-wp-demo\pocketsphinxrntcomp\release\strfuncs.obj
e:\save data\learn 3\sphinx\pocketsphinx-wp-demo\pocketsphinxrntcomp\release\bin_mdef.obj
e:\save data\learn 3\sphinx\pocketsphinx-wp-demo\pocketsphinxrntcomp\release\dict2pid.obj
e:\save data\learn 3\sphinx\pocketsphinx-wp-demo\pocketsphinxrntcomp\release\hmm.obj
e:\save data\learn 3\sphinx\pocketsphinx-wp-demo\pocketsphinxrntcomp\release\mdef.obj
e:\save data\learn 3\sphinx\pocketsphinx-wp-demo\pocketsphinxrntcomp\release\ms_senone.obj
e:\save data\learn 3\sphinx\pocketsphinx-wp-demo\pocketsphinxrntcomp\release\ngram_search_fwdtree.obj
e:\save data\learn 3\sphinx\pocketsphinx-wp-demo\pocketsphinxrntcomp\release\ps_mllr.obj
e:\save data\learn 3\sphinx\pocketsphinx-wp-demo\pocketsphinxrntcomp\release\tmat.obj
e:\save data\learn 3\sphinx\pocketsphinx-wp-demo\pocketsphinxrntcomp\release\cmn_prior.obj
e:\save data\learn 3\sphinx\pocketsphinx-wp-demo\pocketsphinxrntcomp\release\fe_noise.obj
e:\save data\learn 3\sphinx\pocketsphinx-wp-demo\pocketsphinxrntcomp\release\fe_warp.obj
e:\save data\learn 3\sphinx\pocketsphinx-wp-demo\pocketsphinxrntcomp\release\fixlog.obj
e:\save data\learn 3\sphinx\pocketsphinx-wp-demo\pocketsphinxrntcomp\release\jsgf_scanner.obj
e:\save data\learn 3\sphinx\pocketsphinx-wp-demo\pocketsphinxrntcomp\release\ngram_model_dmp.obj
e:\save data\learn 3\sphinx\pocketsphinx-wp-demo\pocketsphinxrntcomp\release\blas_lite.obj
e:\save data\learn 3\sphinx\pocketsphinx-wp-demo\pocketsphinxrntcomp\release\case.obj
e:\save data\learn 3\sphinx\pocketsphinx-wp-demo\pocketsphinxrntcomp\release\errno.obj
e:\save data\learn 3\sphinx\pocketsphinx-wp-demo\pocketsphinxrntcomp\release\filename.obj
e:\save data\learn 3\sphinx\pocketsphinx-wp-demo\pocketsphinxrntcomp\release\huff_code.obj
e:\save data\learn 3\sphinx\pocketsphinx-wp-demo\pocketsphinxrntcomp\release\mmio.obj
e:\save data\learn 3\sphinx\pocketsphinx-wp-demo\pocketsphinxrntcomp\release\allphone_search.obj
e:\save data\learn 3\sphinx\pocketsphinx-wp-demo\pocketsphinxrntcomp\release\fsg_lextree.obj
e:\save data\learn 3\sphinx\pocketsphinx-wp-demo\pocketsphinxrntcomp\release\kws_search.obj
e:\save data\learn 3\sphinx\pocketsphinx-wp-demo\pocketsphinxrntcomp\release\ngram_search.obj
e:\save data\learn 3\sphinx\pocketsphinx-wp-demo\pocketsphinxrntcomp\release\pocketsphinx.obj
e:\save data\learn 3\sphinx\pocketsphinx-wp-demo\pocketsphinxrntcomp\release\s2_semi_mgau.obj
e:\save data\learn 3\sphinx\pocketsphinx-wp-demo\pocketsphinxrntcomp\release\cmn.obj
e:\save data\learn 3\sphinx\pocketsphinx-wp-demo\pocketsphinxrntcomp\release\fe_interface.obj
e:\save data\learn 3\sphinx\pocketsphinx-wp-demo\pocketsphinxrntcomp\release\fe_warp_affine.obj
e:\save data\learn 3\sphinx\pocketsphinx-wp-demo\pocketsphinxrntcomp\release\yin.obj
e:\save data\learn 3\sphinx\pocketsphinx-wp-demo\pocketsphinxrntcomp\release\jsgf_parser.obj
e:\save data\learn 3\sphinx\pocketsphinx-wp-demo\pocketsphinxrntcomp\release\ngram_model_arpa.obj
e:\save data\learn 3\sphinx\pocketsphinx-wp-demo\pocketsphinxrntcomp\release\bitvec.obj
e:\save data\learn 3\sphinx\pocketsphinx-wp-demo\pocketsphinxrntcomp\release\cmd_ln.obj
e:\save data\learn 3\sphinx\pocketsphinx-wp-demo\pocketsphinxrntcomp\release\f2c_lite.obj
e:\save data\learn 3\sphinx\pocketsphinx-wp-demo\pocketsphinxrntcomp\release\heap.obj
e:\save data\learn 3\sphinx\pocketsphinx-wp-demo\pocketsphinxrntcomp\release\logmath.obj
e:\save data\learn 3\sphinx\pocketsphinx-wp-demo\pocketsphinxrntcomp\release\profile.obj
e:\save data\learn 3\sphinx\pocketsphinx-wp-demo\pocketsphinxrntcomp\release\acmod.obj
e:\save data\learn 3\sphinx\pocketsphinx-wp-demo\pocketsphinxrntcomp\release\fsg_search.obj
e:\save data\learn 3\sphinx\pocketsphinx-wp-demo\pocketsphinxrntcomp\release\ms_gauden.obj
e:\save data\learn 3\sphinx\pocketsphinx-wp-demo\pocketsphinxrntcomp\release\ngram_search_fwdflat.obj
e:\save data\learn 3\sphinx\pocketsphinx-wp-demo\pocketsphinxrntcomp\release\ps_alignment.obj
e:\save data\learn 3\sphinx\pocketsphinx-wp-demo\pocketsphinxrntcomp\release\ptm_mgau.obj
e:\save data\learn 3\sphinx\pocketsphinx-wp-demo\pocketsphinxrntcomp\release\agc.obj
e:\save data\learn 3\sphinx\pocketsphinx-wp-demo\pocketsphinxrntcomp\release\feat.obj
e:\save data\learn 3\sphinx\pocketsphinx-wp-demo\pocketsphinxrntcomp\release\fe_sigproc.obj
e:\save data\learn 3\sphinx\pocketsphinx-wp-demo\pocketsphinxrntcomp\release\fe_warp_piecewise_linear.obj
e:\save data\learn 3\sphinx\pocketsphinx-wp-demo\pocketsphinxrntcomp\release\jsgf.obj
e:\save data\learn 3\sphinx\pocketsphinx-wp-demo\pocketsphinxrntcomp\release\ngram_model.obj
e:\save data\learn 3\sphinx\pocketsphinx-wp-demo\pocketsphinxrntcomp\release\ngram_model_set.obj
e:\save data\learn 3\sphinx\pocketsphinx-wp-demo\pocketsphinxrntcomp\release\ckd_alloc.obj
e:\save data\learn 3\sphinx\pocketsphinx-wp-demo\pocketsphinxrntcomp\release\err.obj
e:\save data\learn 3\sphinx\pocketsphinx-wp-demo\pocketsphinxrntcomp\release\glist.obj
e:\save data\learn 3\sphinx\pocketsphinx-wp-demo\pocketsphinxrntcomp\release\listelem_alloc.obj
e:\save data\learn 3\sphinx\pocketsphinx-wp-demo\pocketsphinxrntcomp\release\pio.obj
e:\save data\learn 3\sphinx\pocketsphinx-wp-demo\pocketsphinxrntcomp\release\slapack_lite.obj
e:\save data\learn 3\sphinx\pocketsphinx-wp-demo\pocketsphinxrntcomp\release\utf8.obj
e:\save data\learn 3\sphinx\pocketsphinx-wp-demo\pocketsphinxrntcomp\release\output.obj
e:\save data\learn 3\sphinx\pocketsphinx-wp-demo\pocketsphinxrntcomp\release\speechrecognizer.obj
e:\save data\learn 3\sphinx\pocketsphinx-wp-demo\pocketsphinxrntcomp\release\wasapiaudio.obj
e:\save data\learn 3\sphinx\pocketsphinx-wp-demo\release\pocketsphinxrntcomp\pocketsphinxrntcomp.dll
e:\save data\learn 3\sphinx\pocketsphinx-wp-demo\release\pocketsphinxrntcomp\pocketsphinxrntcomp.winmd
e:\save data\learn 3\sphinx\pocketsphinx-wp-demo\release\pocketsphinxrntcomp\pocketsphinxrntcomp.pdb
e:\save data\learn 3\sphinx\pocketsphinx-wp-demo\release\pocketsphinxrntcomp\pocketsphinxrntcomp.lib
e:\save data\learn 3\sphinx\pocketsphinx-wp-demo\release\pocketsphinxrntcomp\pocketsphinxrntcomp.exp
e:\save data\learn 3\sphinx\pocketsphinx-wp-demo\pocketsphinxrntcomp\release\pocketsphinxrntcomp.vcxprojresolveassemblyreference.cache
e:\save data\learn 3\sphinx\pocketsphinx-wp-demo\pocketsphinxrntcomp\release\cl.10208.read.1.tlog
e:\save data\learn 3\sphinx\pocketsphinx-wp-demo\pocketsphinxrntcomp\release\cl.10208.write.1.tlog
e:\save data\learn 3\sphinx\pocketsphinx-wp-demo\pocketsphinxrntcomp\release\cl.7012.read.1.tlog
e:\save data\learn 3\sphinx\pocketsphinx-wp-demo\pocketsphinxrntcomp\release\cl.7012.write.1.tlog
e:\save data\learn 3\sphinx\pocketsphinx-wp-demo\pocketsphinxrntcomp\release\cl.7792.read.1.tlog
e:\save data\learn 3\sphinx\pocketsphinx-wp-demo\pocketsphinxrntcomp\release\cl.7792.write.1.tlog
e:\save data\learn 3\sphinx\pocketsphinx-wp-demo\pocketsphinxrntcomp\release\cl.8796.read.1.tlog
e:\save data\learn 3\sphinx\pocketsphinx-wp-demo\pocketsphinxrntcomp\release\cl.8796.write.1.tlog
e:\save data\learn 3\sphinx\pocketsphinx-wp-demo\pocketsphinxrntcomp\release\cl.9468.read.1.tlog
e:\save data\learn 3\sphinx\pocketsphinx-wp-demo\pocketsphinxrntcomp\release\cl.9468.write.1.tlog
e:\save data\learn 3\sphinx\pocketsphinx-wp-demo\pocketsphinxrntcomp\release\cl.9656.read.1.tlog
e:\save data\learn 3\sphinx\pocketsphinx-wp-demo\pocketsphinxrntcomp\release\cl.9656.write.1.tlog
e:\save data\learn 3\sphinx\pocketsphinx-wp-demo\pocketsphinxrntcomp\release\cl.9896.read.1.tlog
e:\save data\learn 3\sphinx\pocketsphinx-wp-demo\pocketsphinxrntcomp\release\cl.9896.write.1.tlog
e:\save data\learn 3\sphinx\pocketsphinx-wp-demo\pocketsphinxrntcomp\release\cl.command.1.tlog
e:\save data\learn 3\sphinx\pocketsphinx-wp-demo\pocketsphinxrntcomp\release\cl.read.1.tlog
e:\save data\learn 3\sphinx\pocketsphinx-wp-demo\pocketsphinxrntcomp\release\cl.write.1.tlog
e:\save data\learn 3\sphinx\pocketsphinx-wp-demo\pocketsphinxrntcomp\release\link.command.1.tlog
e:\save data\learn 3\sphinx\pocketsphinx-wp-demo\pocketsphinxrntcomp\release\link.read.1.tlog
e:\save data\learn 3\sphinx\pocketsphinx-wp-demo\pocketsphinxrntcomp\release\link.write.1.tlog
e:\save data\learn 3\sphinx\pocketsphinx-wp-demo\pocketsphinxrntcomp\release\pocketsphinxrntcomp.write.1.tlog
