e:\save data\learn 3\sphinx\pocketsphinx-wp-demo\pocketsphinxrntcomp\arm\release\pocketsphinxrntcomp.pch
e:\save data\learn 3\sphinx\pocketsphinx-wp-demo\pocketsphinxrntcomp\arm\release\pch.obj
e:\save data\learn 3\sphinx\pocketsphinx-wp-demo\pocketsphinxrntcomp\arm\release\vc110.pdb
e:\save data\learn 3\sphinx\pocketsphinx-wp-demo\pocketsphinxrntcomp\arm\release\allphone_search.obj
e:\save data\learn 3\sphinx\pocketsphinx-wp-demo\pocketsphinxrntcomp\arm\release\fsg_history.obj
e:\save data\learn 3\sphinx\pocketsphinx-wp-demo\pocketsphinxrntcomp\arm\release\kws_search.obj
e:\save data\learn 3\sphinx\pocketsphinx-wp-demo\pocketsphinxrntcomp\arm\release\ngram_search.obj
e:\save data\learn 3\sphinx\pocketsphinx-wp-demo\pocketsphinxrntcomp\arm\release\pocketsphinx.obj
e:\save data\learn 3\sphinx\pocketsphinx-wp-demo\pocketsphinxrntcomp\arm\release\state_align_search.obj
e:\save data\learn 3\sphinx\pocketsphinx-wp-demo\pocketsphinxrntcomp\arm\release\cmn_prior.obj
e:\save data\learn 3\sphinx\pocketsphinx-wp-demo\pocketsphinxrntcomp\arm\release\fe_noise.obj
e:\save data\learn 3\sphinx\pocketsphinx-wp-demo\pocketsphinxrntcomp\arm\release\fe_warp.obj
e:\save data\learn 3\sphinx\pocketsphinx-wp-demo\pocketsphinxrntcomp\arm\release\fixlog.obj
e:\save data\learn 3\sphinx\pocketsphinx-wp-demo\pocketsphinxrntcomp\arm\release\jsgf.obj
e:\save data\learn 3\sphinx\pocketsphinx-wp-demo\pocketsphinxrntcomp\arm\release\ngram_model_arpa.obj
e:\save data\learn 3\sphinx\pocketsphinx-wp-demo\pocketsphinxrntcomp\arm\release\bitvec.obj
e:\save data\learn 3\sphinx\pocketsphinx-wp-demo\pocketsphinxrntcomp\arm\release\cmd_ln.obj
e:\save data\learn 3\sphinx\pocketsphinx-wp-demo\pocketsphinxrntcomp\arm\release\f2c_lite.obj
e:\save data\learn 3\sphinx\pocketsphinx-wp-demo\pocketsphinxrntcomp\arm\release\heap.obj
e:\save data\learn 3\sphinx\pocketsphinx-wp-demo\pocketsphinxrntcomp\arm\release\logmath.obj
e:\save data\learn 3\sphinx\pocketsphinx-wp-demo\pocketsphinxrntcomp\arm\release\profile.obj
e:\save data\learn 3\sphinx\pocketsphinx-wp-demo\pocketsphinxrntcomp\arm\release\blkarray_list.obj
e:\save data\learn 3\sphinx\pocketsphinx-wp-demo\pocketsphinxrntcomp\arm\release\dict.obj
e:\save data\learn 3\sphinx\pocketsphinx-wp-demo\pocketsphinxrntcomp\arm\release\fsg_search.obj
e:\save data\learn 3\sphinx\pocketsphinx-wp-demo\pocketsphinxrntcomp\arm\release\ms_gauden.obj
e:\save data\learn 3\sphinx\pocketsphinx-wp-demo\pocketsphinxrntcomp\arm\release\ngram_search_fwdflat.obj
e:\save data\learn 3\sphinx\pocketsphinx-wp-demo\pocketsphinxrntcomp\arm\release\ps_lattice.obj
e:\save data\learn 3\sphinx\pocketsphinx-wp-demo\pocketsphinxrntcomp\arm\release\tmat.obj
e:\save data\learn 3\sphinx\pocketsphinx-wp-demo\pocketsphinxrntcomp\arm\release\cmn.obj
e:\save data\learn 3\sphinx\pocketsphinx-wp-demo\pocketsphinxrntcomp\arm\release\fe_interface.obj
e:\save data\learn 3\sphinx\pocketsphinx-wp-demo\pocketsphinxrntcomp\arm\release\fe_warp_affine.obj
e:\save data\learn 3\sphinx\pocketsphinx-wp-demo\pocketsphinxrntcomp\arm\release\yin.obj
e:\save data\learn 3\sphinx\pocketsphinx-wp-demo\pocketsphinxrntcomp\arm\release\jsgf_scanner.obj
e:\save data\learn 3\sphinx\pocketsphinx-wp-demo\pocketsphinxrntcomp\arm\release\ngram_model.obj
e:\save data\learn 3\sphinx\pocketsphinx-wp-demo\pocketsphinxrntcomp\arm\release\bio.obj
e:\save data\learn 3\sphinx\pocketsphinx-wp-demo\pocketsphinxrntcomp\arm\release\dtoa.obj
e:\save data\learn 3\sphinx\pocketsphinx-wp-demo\pocketsphinxrntcomp\arm\release\glist.obj
e:\save data\learn 3\sphinx\pocketsphinx-wp-demo\pocketsphinxrntcomp\arm\release\listelem_alloc.obj
e:\save data\learn 3\sphinx\pocketsphinx-wp-demo\pocketsphinxrntcomp\arm\release\pio.obj
e:\save data\learn 3\sphinx\pocketsphinx-wp-demo\pocketsphinxrntcomp\arm\release\slapack_lite.obj
e:\save data\learn 3\sphinx\pocketsphinx-wp-demo\pocketsphinxrntcomp\arm\release\utf8.obj
e:\save data\learn 3\sphinx\pocketsphinx-wp-demo\pocketsphinxrntcomp\arm\release\acmod.obj
e:\save data\learn 3\sphinx\pocketsphinx-wp-demo\pocketsphinxrntcomp\arm\release\fsg_lextree.obj
e:\save data\learn 3\sphinx\pocketsphinx-wp-demo\pocketsphinxrntcomp\arm\release\kws_detections.obj
e:\save data\learn 3\sphinx\pocketsphinx-wp-demo\pocketsphinxrntcomp\arm\release\ms_senone.obj
e:\save data\learn 3\sphinx\pocketsphinx-wp-demo\pocketsphinxrntcomp\arm\release\phone_loop_search.obj
e:\save data\learn 3\sphinx\pocketsphinx-wp-demo\pocketsphinxrntcomp\arm\release\ps_alignment.obj
e:\save data\learn 3\sphinx\pocketsphinx-wp-demo\pocketsphinxrntcomp\arm\release\ptm_mgau.obj
e:\save data\learn 3\sphinx\pocketsphinx-wp-demo\pocketsphinxrntcomp\arm\release\vector.obj
e:\save data\learn 3\sphinx\pocketsphinx-wp-demo\pocketsphinxrntcomp\arm\release\feat.obj
e:\save data\learn 3\sphinx\pocketsphinx-wp-demo\pocketsphinxrntcomp\arm\release\fe_prespch_buf.obj
e:\save data\learn 3\sphinx\pocketsphinx-wp-demo\pocketsphinxrntcomp\arm\release\fe_warp_piecewise_linear.obj
e:\save data\learn 3\sphinx\pocketsphinx-wp-demo\pocketsphinxrntcomp\arm\release\jsgf_parser.obj
e:\save data\learn 3\sphinx\pocketsphinx-wp-demo\pocketsphinxrntcomp\arm\release\ngram_model_dmp.obj
e:\save data\learn 3\sphinx\pocketsphinx-wp-demo\pocketsphinxrntcomp\arm\release\blas_lite.obj
e:\save data\learn 3\sphinx\pocketsphinx-wp-demo\pocketsphinxrntcomp\arm\release\case.obj
e:\save data\learn 3\sphinx\pocketsphinx-wp-demo\pocketsphinxrntcomp\arm\release\errno.obj
e:\save data\learn 3\sphinx\pocketsphinx-wp-demo\pocketsphinxrntcomp\arm\release\filename.obj
e:\save data\learn 3\sphinx\pocketsphinx-wp-demo\pocketsphinxrntcomp\arm\release\hash_table.obj
e:\save data\learn 3\sphinx\pocketsphinx-wp-demo\pocketsphinxrntcomp\arm\release\matrix.obj
e:\save data\learn 3\sphinx\pocketsphinx-wp-demo\pocketsphinxrntcomp\arm\release\slamch.obj
e:\save data\learn 3\sphinx\pocketsphinx-wp-demo\pocketsphinxrntcomp\arm\release\strfuncs.obj
e:\save data\learn 3\sphinx\pocketsphinx-wp-demo\pocketsphinxrntcomp\arm\release\bin_mdef.obj
e:\save data\learn 3\sphinx\pocketsphinx-wp-demo\pocketsphinxrntcomp\arm\release\dict2pid.obj
e:\save data\learn 3\sphinx\pocketsphinx-wp-demo\pocketsphinxrntcomp\arm\release\hmm.obj
e:\save data\learn 3\sphinx\pocketsphinx-wp-demo\pocketsphinxrntcomp\arm\release\mdef.obj
e:\save data\learn 3\sphinx\pocketsphinx-wp-demo\pocketsphinxrntcomp\arm\release\ms_mgau.obj
e:\save data\learn 3\sphinx\pocketsphinx-wp-demo\pocketsphinxrntcomp\arm\release\ngram_search_fwdtree.obj
e:\save data\learn 3\sphinx\pocketsphinx-wp-demo\pocketsphinxrntcomp\arm\release\ps_mllr.obj
e:\save data\learn 3\sphinx\pocketsphinx-wp-demo\pocketsphinxrntcomp\arm\release\s2_semi_mgau.obj
e:\save data\learn 3\sphinx\pocketsphinx-wp-demo\pocketsphinxrntcomp\arm\release\agc.obj
e:\save data\learn 3\sphinx\pocketsphinx-wp-demo\pocketsphinxrntcomp\arm\release\lda.obj
e:\save data\learn 3\sphinx\pocketsphinx-wp-demo\pocketsphinxrntcomp\arm\release\fe_sigproc.obj
e:\save data\learn 3\sphinx\pocketsphinx-wp-demo\pocketsphinxrntcomp\arm\release\fe_warp_inverse_linear.obj
e:\save data\learn 3\sphinx\pocketsphinx-wp-demo\pocketsphinxrntcomp\arm\release\fsg_model.obj
e:\save data\learn 3\sphinx\pocketsphinx-wp-demo\pocketsphinxrntcomp\arm\release\lm3g_model.obj
e:\save data\learn 3\sphinx\pocketsphinx-wp-demo\pocketsphinxrntcomp\arm\release\ngram_model_dmp32.obj
e:\save data\learn 3\sphinx\pocketsphinx-wp-demo\pocketsphinxrntcomp\arm\release\ngram_model_set.obj
e:\save data\learn 3\sphinx\pocketsphinx-wp-demo\pocketsphinxrntcomp\arm\release\ckd_alloc.obj
e:\save data\learn 3\sphinx\pocketsphinx-wp-demo\pocketsphinxrntcomp\arm\release\err.obj
e:\save data\learn 3\sphinx\pocketsphinx-wp-demo\pocketsphinxrntcomp\arm\release\genrand.obj
e:\save data\learn 3\sphinx\pocketsphinx-wp-demo\pocketsphinxrntcomp\arm\release\huff_code.obj
e:\save data\learn 3\sphinx\pocketsphinx-wp-demo\pocketsphinxrntcomp\arm\release\mmio.obj
e:\save data\learn 3\sphinx\pocketsphinx-wp-demo\pocketsphinxrntcomp\arm\release\wasapiaudio.obj
e:\save data\learn 3\sphinx\pocketsphinx-wp-demo\pocketsphinxrntcomp\arm\release\speechrecognizer.obj
e:\save data\learn 3\sphinx\pocketsphinx-wp-demo\pocketsphinxrntcomp\arm\release\output.obj
e:\save data\learn 3\sphinx\pocketsphinx-wp-demo\arm\release\pocketsphinxrntcomp\pocketsphinxrntcomp.dll
e:\save data\learn 3\sphinx\pocketsphinx-wp-demo\arm\release\pocketsphinxrntcomp\pocketsphinxrntcomp.winmd
e:\save data\learn 3\sphinx\pocketsphinx-wp-demo\arm\release\pocketsphinxrntcomp\pocketsphinxrntcomp.pdb
e:\save data\learn 3\sphinx\pocketsphinx-wp-demo\arm\release\pocketsphinxrntcomp\pocketsphinxrntcomp.lib
e:\save data\learn 3\sphinx\pocketsphinx-wp-demo\arm\release\pocketsphinxrntcomp\pocketsphinxrntcomp.exp
e:\save data\learn 3\sphinx\pocketsphinx-wp-demo\pocketsphinxrntcomp\arm\release\pocketsphinxrntcomp.vcxprojresolveassemblyreference.cache
e:\save data\learn 3\sphinx\pocketsphinx-wp-demo\pocketsphinxrntcomp\arm\release\cl.10152.read.1.tlog
e:\save data\learn 3\sphinx\pocketsphinx-wp-demo\pocketsphinxrntcomp\arm\release\cl.10152.write.1.tlog
e:\save data\learn 3\sphinx\pocketsphinx-wp-demo\pocketsphinxrntcomp\arm\release\cl.1244.read.1.tlog
e:\save data\learn 3\sphinx\pocketsphinx-wp-demo\pocketsphinxrntcomp\arm\release\cl.1244.write.1.tlog
e:\save data\learn 3\sphinx\pocketsphinx-wp-demo\pocketsphinxrntcomp\arm\release\cl.5368.read.1.tlog
e:\save data\learn 3\sphinx\pocketsphinx-wp-demo\pocketsphinxrntcomp\arm\release\cl.5368.write.1.tlog
e:\save data\learn 3\sphinx\pocketsphinx-wp-demo\pocketsphinxrntcomp\arm\release\cl.6020.read.1.tlog
e:\save data\learn 3\sphinx\pocketsphinx-wp-demo\pocketsphinxrntcomp\arm\release\cl.6020.write.1.tlog
e:\save data\learn 3\sphinx\pocketsphinx-wp-demo\pocketsphinxrntcomp\arm\release\cl.6828.read.1.tlog
e:\save data\learn 3\sphinx\pocketsphinx-wp-demo\pocketsphinxrntcomp\arm\release\cl.6828.write.1.tlog
e:\save data\learn 3\sphinx\pocketsphinx-wp-demo\pocketsphinxrntcomp\arm\release\cl.9236.read.1.tlog
e:\save data\learn 3\sphinx\pocketsphinx-wp-demo\pocketsphinxrntcomp\arm\release\cl.9236.write.1.tlog
e:\save data\learn 3\sphinx\pocketsphinx-wp-demo\pocketsphinxrntcomp\arm\release\cl.9556.read.1.tlog
e:\save data\learn 3\sphinx\pocketsphinx-wp-demo\pocketsphinxrntcomp\arm\release\cl.9556.write.1.tlog
e:\save data\learn 3\sphinx\pocketsphinx-wp-demo\pocketsphinxrntcomp\arm\release\cl.command.1.tlog
e:\save data\learn 3\sphinx\pocketsphinx-wp-demo\pocketsphinxrntcomp\arm\release\cl.read.1.tlog
e:\save data\learn 3\sphinx\pocketsphinx-wp-demo\pocketsphinxrntcomp\arm\release\cl.write.1.tlog
e:\save data\learn 3\sphinx\pocketsphinx-wp-demo\pocketsphinxrntcomp\arm\release\link.command.1.tlog
e:\save data\learn 3\sphinx\pocketsphinx-wp-demo\pocketsphinxrntcomp\arm\release\link.read.1.tlog
e:\save data\learn 3\sphinx\pocketsphinx-wp-demo\pocketsphinxrntcomp\arm\release\link.write.1.tlog
e:\save data\learn 3\sphinx\pocketsphinx-wp-demo\pocketsphinxrntcomp\arm\release\pocketsphinxrntcomp.write.1.tlog
