e:\save data\learn 3\sphinx\pocketsphinx-wp-demo\pocketsphinxrntcomp\arm\debug\pocketsphinxrntcomp.pch
e:\save data\learn 3\sphinx\pocketsphinx-wp-demo\pocketsphinxrntcomp\arm\debug\pch.obj
e:\save data\learn 3\sphinx\pocketsphinx-wp-demo\pocketsphinxrntcomp\arm\debug\vc110.pdb
e:\save data\learn 3\sphinx\pocketsphinx-wp-demo\pocketsphinxrntcomp\arm\debug\blkarray_list.obj
e:\save data\learn 3\sphinx\pocketsphinx-wp-demo\pocketsphinxrntcomp\arm\debug\dict.obj
e:\save data\learn 3\sphinx\pocketsphinx-wp-demo\pocketsphinxrntcomp\arm\debug\fsg_lextree.obj
e:\save data\learn 3\sphinx\pocketsphinx-wp-demo\pocketsphinxrntcomp\arm\debug\kws_search.obj
e:\save data\learn 3\sphinx\pocketsphinx-wp-demo\pocketsphinxrntcomp\arm\debug\ngram_search.obj
e:\save data\learn 3\sphinx\pocketsphinx-wp-demo\pocketsphinxrntcomp\arm\debug\pocketsphinx.obj
e:\save data\learn 3\sphinx\pocketsphinx-wp-demo\pocketsphinxrntcomp\arm\debug\s2_semi_mgau.obj
e:\save data\learn 3\sphinx\pocketsphinx-wp-demo\pocketsphinxrntcomp\arm\debug\cmn.obj
e:\save data\learn 3\sphinx\pocketsphinx-wp-demo\pocketsphinxrntcomp\arm\debug\lda.obj
e:\save data\learn 3\sphinx\pocketsphinx-wp-demo\pocketsphinxrntcomp\arm\debug\fe_warp.obj
e:\save data\learn 3\sphinx\pocketsphinx-wp-demo\pocketsphinxrntcomp\arm\debug\yin.obj
e:\save data\learn 3\sphinx\pocketsphinx-wp-demo\pocketsphinxrntcomp\arm\debug\jsgf_scanner.obj
e:\save data\learn 3\sphinx\pocketsphinx-wp-demo\pocketsphinxrntcomp\arm\debug\ngram_model_dmp.obj
e:\save data\learn 3\sphinx\pocketsphinx-wp-demo\pocketsphinxrntcomp\arm\debug\bitvec.obj
e:\save data\learn 3\sphinx\pocketsphinx-wp-demo\pocketsphinxrntcomp\arm\debug\blas_lite.obj
e:\save data\learn 3\sphinx\pocketsphinx-wp-demo\pocketsphinxrntcomp\arm\debug\dtoa.obj
e:\save data\learn 3\sphinx\pocketsphinx-wp-demo\pocketsphinxrntcomp\arm\debug\genrand.obj
e:\save data\learn 3\sphinx\pocketsphinx-wp-demo\pocketsphinxrntcomp\arm\debug\hash_table.obj
e:\save data\learn 3\sphinx\pocketsphinx-wp-demo\pocketsphinxrntcomp\arm\debug\logmath.obj
e:\save data\learn 3\sphinx\pocketsphinx-wp-demo\pocketsphinxrntcomp\arm\debug\profile.obj
e:\save data\learn 3\sphinx\pocketsphinx-wp-demo\pocketsphinxrntcomp\arm\debug\allphone_search.obj
e:\save data\learn 3\sphinx\pocketsphinx-wp-demo\pocketsphinxrntcomp\arm\debug\dict2pid.obj
e:\save data\learn 3\sphinx\pocketsphinx-wp-demo\pocketsphinxrntcomp\arm\debug\kws_detections.obj
e:\save data\learn 3\sphinx\pocketsphinx-wp-demo\pocketsphinxrntcomp\arm\debug\ms_mgau.obj
e:\save data\learn 3\sphinx\pocketsphinx-wp-demo\pocketsphinxrntcomp\arm\debug\phone_loop_search.obj
e:\save data\learn 3\sphinx\pocketsphinx-wp-demo\pocketsphinxrntcomp\arm\debug\ps_alignment.obj
e:\save data\learn 3\sphinx\pocketsphinx-wp-demo\pocketsphinxrntcomp\arm\debug\state_align_search.obj
e:\save data\learn 3\sphinx\pocketsphinx-wp-demo\pocketsphinxrntcomp\arm\debug\agc.obj
e:\save data\learn 3\sphinx\pocketsphinx-wp-demo\pocketsphinxrntcomp\arm\debug\fe_prespch_buf.obj
e:\save data\learn 3\sphinx\pocketsphinx-wp-demo\pocketsphinxrntcomp\arm\debug\fe_warp_inverse_linear.obj
e:\save data\learn 3\sphinx\pocketsphinx-wp-demo\pocketsphinxrntcomp\arm\debug\fsg_model.obj
e:\save data\learn 3\sphinx\pocketsphinx-wp-demo\pocketsphinxrntcomp\arm\debug\lm3g_model.obj
e:\save data\learn 3\sphinx\pocketsphinx-wp-demo\pocketsphinxrntcomp\arm\debug\ngram_model_dmp32.obj
e:\save data\learn 3\sphinx\pocketsphinx-wp-demo\pocketsphinxrntcomp\arm\debug\ckd_alloc.obj
e:\save data\learn 3\sphinx\pocketsphinx-wp-demo\pocketsphinxrntcomp\arm\debug\errno.obj
e:\save data\learn 3\sphinx\pocketsphinx-wp-demo\pocketsphinxrntcomp\arm\debug\glist.obj
e:\save data\learn 3\sphinx\pocketsphinx-wp-demo\pocketsphinxrntcomp\arm\debug\listelem_alloc.obj
e:\save data\learn 3\sphinx\pocketsphinx-wp-demo\pocketsphinxrntcomp\arm\debug\mmio.obj
e:\save data\learn 3\sphinx\pocketsphinx-wp-demo\pocketsphinxrntcomp\arm\debug\utf8.obj
e:\save data\learn 3\sphinx\pocketsphinx-wp-demo\pocketsphinxrntcomp\arm\debug\bin_mdef.obj
e:\save data\learn 3\sphinx\pocketsphinx-wp-demo\pocketsphinxrntcomp\arm\debug\fsg_history.obj
e:\save data\learn 3\sphinx\pocketsphinx-wp-demo\pocketsphinxrntcomp\arm\debug\hmm.obj
e:\save data\learn 3\sphinx\pocketsphinx-wp-demo\pocketsphinxrntcomp\arm\debug\mdef.obj
e:\save data\learn 3\sphinx\pocketsphinx-wp-demo\pocketsphinxrntcomp\arm\debug\ms_gauden.obj
e:\save data\learn 3\sphinx\pocketsphinx-wp-demo\pocketsphinxrntcomp\arm\debug\ngram_search_fwdflat.obj
e:\save data\learn 3\sphinx\pocketsphinx-wp-demo\pocketsphinxrntcomp\arm\debug\ps_mllr.obj
e:\save data\learn 3\sphinx\pocketsphinx-wp-demo\pocketsphinxrntcomp\arm\debug\ptm_mgau.obj
e:\save data\learn 3\sphinx\pocketsphinx-wp-demo\pocketsphinxrntcomp\arm\debug\vector.obj
e:\save data\learn 3\sphinx\pocketsphinx-wp-demo\pocketsphinxrntcomp\arm\debug\cmn_prior.obj
e:\save data\learn 3\sphinx\pocketsphinx-wp-demo\pocketsphinxrntcomp\arm\debug\fe_interface.obj
e:\save data\learn 3\sphinx\pocketsphinx-wp-demo\pocketsphinxrntcomp\arm\debug\fe_sigproc.obj
e:\save data\learn 3\sphinx\pocketsphinx-wp-demo\pocketsphinxrntcomp\arm\debug\fe_warp_piecewise_linear.obj
e:\save data\learn 3\sphinx\pocketsphinx-wp-demo\pocketsphinxrntcomp\arm\debug\jsgf.obj
e:\save data\learn 3\sphinx\pocketsphinx-wp-demo\pocketsphinxrntcomp\arm\debug\ngram_model_arpa.obj
e:\save data\learn 3\sphinx\pocketsphinx-wp-demo\pocketsphinxrntcomp\arm\debug\bio.obj
e:\save data\learn 3\sphinx\pocketsphinx-wp-demo\pocketsphinxrntcomp\arm\debug\case.obj
e:\save data\learn 3\sphinx\pocketsphinx-wp-demo\pocketsphinxrntcomp\arm\debug\err.obj
e:\save data\learn 3\sphinx\pocketsphinx-wp-demo\pocketsphinxrntcomp\arm\debug\filename.obj
e:\save data\learn 3\sphinx\pocketsphinx-wp-demo\pocketsphinxrntcomp\arm\debug\heap.obj
e:\save data\learn 3\sphinx\pocketsphinx-wp-demo\pocketsphinxrntcomp\arm\debug\matrix.obj
e:\save data\learn 3\sphinx\pocketsphinx-wp-demo\pocketsphinxrntcomp\arm\debug\slamch.obj
e:\save data\learn 3\sphinx\pocketsphinx-wp-demo\pocketsphinxrntcomp\arm\debug\strfuncs.obj
e:\save data\learn 3\sphinx\pocketsphinx-wp-demo\pocketsphinxrntcomp\arm\debug\acmod.obj
e:\save data\learn 3\sphinx\pocketsphinx-wp-demo\pocketsphinxrntcomp\arm\debug\fsg_search.obj
e:\save data\learn 3\sphinx\pocketsphinx-wp-demo\pocketsphinxrntcomp\arm\debug\ms_senone.obj
e:\save data\learn 3\sphinx\pocketsphinx-wp-demo\pocketsphinxrntcomp\arm\debug\ngram_search_fwdtree.obj
e:\save data\learn 3\sphinx\pocketsphinx-wp-demo\pocketsphinxrntcomp\arm\debug\ps_lattice.obj
e:\save data\learn 3\sphinx\pocketsphinx-wp-demo\pocketsphinxrntcomp\arm\debug\tmat.obj
e:\save data\learn 3\sphinx\pocketsphinx-wp-demo\pocketsphinxrntcomp\arm\debug\feat.obj
e:\save data\learn 3\sphinx\pocketsphinx-wp-demo\pocketsphinxrntcomp\arm\debug\fe_noise.obj
e:\save data\learn 3\sphinx\pocketsphinx-wp-demo\pocketsphinxrntcomp\arm\debug\fe_warp_affine.obj
e:\save data\learn 3\sphinx\pocketsphinx-wp-demo\pocketsphinxrntcomp\arm\debug\fixlog.obj
e:\save data\learn 3\sphinx\pocketsphinx-wp-demo\pocketsphinxrntcomp\arm\debug\jsgf_parser.obj
e:\save data\learn 3\sphinx\pocketsphinx-wp-demo\pocketsphinxrntcomp\arm\debug\ngram_model.obj
e:\save data\learn 3\sphinx\pocketsphinx-wp-demo\pocketsphinxrntcomp\arm\debug\ngram_model_set.obj
e:\save data\learn 3\sphinx\pocketsphinx-wp-demo\pocketsphinxrntcomp\arm\debug\cmd_ln.obj
e:\save data\learn 3\sphinx\pocketsphinx-wp-demo\pocketsphinxrntcomp\arm\debug\f2c_lite.obj
e:\save data\learn 3\sphinx\pocketsphinx-wp-demo\pocketsphinxrntcomp\arm\debug\huff_code.obj
e:\save data\learn 3\sphinx\pocketsphinx-wp-demo\pocketsphinxrntcomp\arm\debug\pio.obj
e:\save data\learn 3\sphinx\pocketsphinx-wp-demo\pocketsphinxrntcomp\arm\debug\slapack_lite.obj
e:\save data\learn 3\sphinx\pocketsphinx-wp-demo\pocketsphinxrntcomp\arm\debug\wasapiaudio.obj
e:\save data\learn 3\sphinx\pocketsphinx-wp-demo\pocketsphinxrntcomp\arm\debug\speechrecognizer.obj
e:\save data\learn 3\sphinx\pocketsphinx-wp-demo\pocketsphinxrntcomp\arm\debug\output.obj
e:\save data\learn 3\sphinx\pocketsphinx-wp-demo\arm\debug\pocketsphinxrntcomp\pocketsphinxrntcomp.ilk
e:\save data\learn 3\sphinx\pocketsphinx-wp-demo\arm\debug\pocketsphinxrntcomp\pocketsphinxrntcomp.dll
e:\save data\learn 3\sphinx\pocketsphinx-wp-demo\arm\debug\pocketsphinxrntcomp\pocketsphinxrntcomp.winmd
e:\save data\learn 3\sphinx\pocketsphinx-wp-demo\arm\debug\pocketsphinxrntcomp\pocketsphinxrntcomp.pdb
e:\save data\learn 3\sphinx\pocketsphinx-wp-demo\arm\debug\pocketsphinxrntcomp\pocketsphinxrntcomp.lib
e:\save data\learn 3\sphinx\pocketsphinx-wp-demo\arm\debug\pocketsphinxrntcomp\pocketsphinxrntcomp.exp
e:\save data\learn 3\sphinx\pocketsphinx-wp-demo\pocketsphinxrntcomp\arm\debug\cl.5104.read.1.tlog
e:\save data\learn 3\sphinx\pocketsphinx-wp-demo\pocketsphinxrntcomp\arm\debug\cl.5104.write.1.tlog
e:\save data\learn 3\sphinx\pocketsphinx-wp-demo\pocketsphinxrntcomp\arm\debug\cl.5372.read.1.tlog
e:\save data\learn 3\sphinx\pocketsphinx-wp-demo\pocketsphinxrntcomp\arm\debug\cl.5372.write.1.tlog
e:\save data\learn 3\sphinx\pocketsphinx-wp-demo\pocketsphinxrntcomp\arm\debug\cl.7848.read.1.tlog
e:\save data\learn 3\sphinx\pocketsphinx-wp-demo\pocketsphinxrntcomp\arm\debug\cl.7848.write.1.tlog
e:\save data\learn 3\sphinx\pocketsphinx-wp-demo\pocketsphinxrntcomp\arm\debug\cl.900.read.1.tlog
e:\save data\learn 3\sphinx\pocketsphinx-wp-demo\pocketsphinxrntcomp\arm\debug\cl.900.write.1.tlog
e:\save data\learn 3\sphinx\pocketsphinx-wp-demo\pocketsphinxrntcomp\arm\debug\cl.9184.read.1.tlog
e:\save data\learn 3\sphinx\pocketsphinx-wp-demo\pocketsphinxrntcomp\arm\debug\cl.9184.write.1.tlog
e:\save data\learn 3\sphinx\pocketsphinx-wp-demo\pocketsphinxrntcomp\arm\debug\cl.9276.read.1.tlog
e:\save data\learn 3\sphinx\pocketsphinx-wp-demo\pocketsphinxrntcomp\arm\debug\cl.9276.write.1.tlog
e:\save data\learn 3\sphinx\pocketsphinx-wp-demo\pocketsphinxrntcomp\arm\debug\cl.9288.read.1.tlog
e:\save data\learn 3\sphinx\pocketsphinx-wp-demo\pocketsphinxrntcomp\arm\debug\cl.9288.write.1.tlog
e:\save data\learn 3\sphinx\pocketsphinx-wp-demo\pocketsphinxrntcomp\arm\debug\cl.command.1.tlog
e:\save data\learn 3\sphinx\pocketsphinx-wp-demo\pocketsphinxrntcomp\arm\debug\cl.read.1.tlog
e:\save data\learn 3\sphinx\pocketsphinx-wp-demo\pocketsphinxrntcomp\arm\debug\cl.write.1.tlog
e:\save data\learn 3\sphinx\pocketsphinx-wp-demo\pocketsphinxrntcomp\arm\debug\link.command.1.tlog
e:\save data\learn 3\sphinx\pocketsphinx-wp-demo\pocketsphinxrntcomp\arm\debug\link.read.1.tlog
e:\save data\learn 3\sphinx\pocketsphinx-wp-demo\pocketsphinxrntcomp\arm\debug\link.write.1.tlog
e:\save data\learn 3\sphinx\pocketsphinx-wp-demo\pocketsphinxrntcomp\arm\debug\pocketsphinxrntcomp.write.1.tlog
